\BOOKMARK [1][-]{Doc-Start}{\376\377\000D\000o\000c\000u\000m\000e\000n\000t\000\040\000C\000o\000n\000t\000r\000o\000l}{}% 1
\BOOKMARK [1][-]{table.caption.1}{\376\377\000R\000e\000v\000i\000s\000i\000o\000n\000\040\000H\000i\000s\000t\000o\000r\000y}{}% 2
\BOOKMARK [1][-]{table.1}{\376\377\000A\000b\000s\000t\000r\000a\000c\000t}{}% 3
\BOOKMARK [1][-]{section.1}{\376\377\000I\000n\000t\000r\000o\000d\000u\000c\000t\000i\000o\000n}{}% 4
\BOOKMARK [2][-]{subsection.1.1}{\376\377\000B\000a\000c\000k\000g\000r\000o\000u\000n\000d\000\040\000a\000n\000d\000\040\000M\000o\000t\000i\000v\000a\000t\000i\000o\000n}{section.1}% 5
\BOOKMARK [2][-]{subsection.1.2}{\376\377\000O\000b\000j\000e\000c\000t\000i\000v\000e\000s}{section.1}% 6
\BOOKMARK [2][-]{subsection.1.3}{\376\377\000S\000c\000o\000p\000e}{section.1}% 7
\BOOKMARK [1][-]{section.2}{\376\377\000H\000a\000r\000d\000w\000a\000r\000e\000\040\000C\000o\000n\000f\000i\000g\000u\000r\000a\000t\000i\000o\000n}{}% 8
\BOOKMARK [2][-]{subsection.2.1}{\376\377\000B\000i\000l\000l\000\040\000o\000f\000\040\000M\000a\000t\000e\000r\000i\000a\000l\000s}{section.2}% 9
\BOOKMARK [2][-]{subsection.2.2}{\376\377\000P\000h\000y\000s\000i\000c\000a\000l\000\040\000W\000i\000r\000i\000n\000g}{section.2}% 10
\BOOKMARK [2][-]{subsection.2.3}{\376\377\000C\000o\000m\000m\000u\000n\000i\000c\000a\000t\000i\000o\000n\000\040\000T\000o\000p\000o\000l\000o\000g\000y}{section.2}% 11
\BOOKMARK [2][-]{subsection.2.4}{\376\377\000S\000e\000r\000i\000a\000l\000\040\000P\000o\000r\000t\000\040\000C\000o\000n\000f\000i\000g\000u\000r\000a\000t\000i\000o\000n}{section.2}% 12
\BOOKMARK [1][-]{section.3}{\376\377\000S\000y\000s\000t\000e\000m\000\040\000A\000r\000c\000h\000i\000t\000e\000c\000t\000u\000r\000e}{}% 13
\BOOKMARK [2][-]{subsection.3.1}{\376\377\000D\000e\000s\000i\000g\000n\000\040\000O\000v\000e\000r\000v\000i\000e\000w\000:\000\040\000P\000r\000o\000t\000o\000c\000o\000l\000\040\000T\000r\000a\000n\000s\000l\000a\000t\000i\000o\000n\000\040\000a\000n\000d\000\040\000C\000r\000y\000p\000t\000o\000g\000r\000a\000p\000h\000i\000c\000\040\000F\000i\000r\000e\000w\000a\000l\000l}{section.3}% 14
\BOOKMARK [2][-]{subsection.3.2}{\376\377\000M\000e\000s\000s\000a\000g\000e\000\040\000T\000r\000a\000n\000s\000l\000a\000t\000i\000o\000n\000\040\000T\000a\000b\000l\000e}{section.3}% 15
\BOOKMARK [2][-]{subsection.3.3}{\376\377\000K\000e\000s\000t\000r\000e\000l\000\040\000P\000a\000c\000k\000e\000t\000\040\000W\000i\000r\000e\000\040\000F\000o\000r\000m\000a\000t}{section.3}% 16
\BOOKMARK [3][-]{subsubsection.3.3.1}{\376\377\000B\000a\000s\000e\000\040\000H\000e\000a\000d\000e\000r\000\040\000\050\0004\000\040\000B\000y\000t\000e\000s\000\051}{subsection.3.3}% 17
\BOOKMARK [3][-]{subsubsection.3.3.2}{\376\377\000E\000x\000t\000e\000n\000d\000e\000d\000\040\000H\000e\000a\000d\000e\000r\000\040\000\050\0004\000\040\000B\000y\000t\000e\000s\000\051}{subsection.3.3}% 18
\BOOKMARK [3][-]{subsubsection.3.3.3}{\376\377\000S\000e\000c\000u\000r\000i\000t\000y\000\040\000F\000i\000e\000l\000d\000s}{subsection.3.3}% 19
\BOOKMARK [3][-]{subsubsection.3.3.4}{\376\377\000P\000a\000y\000l\000o\000a\000d\000\040\000a\000n\000d\000\040\000I\000n\000t\000e\000g\000r\000i\000t\000y\000\040\000C\000h\000e\000c\000k}{subsection.3.3}% 20
\BOOKMARK [2][-]{subsection.3.4}{\376\377\000S\000e\000c\000u\000r\000i\000t\000y\000\040\000M\000o\000d\000e\000l}{section.3}% 21
\BOOKMARK [1][-]{section.4}{\376\377\000E\000S\000P\0003\0002\000\040\000B\000r\000i\000d\000g\000e\000\040\000F\000i\000r\000m\000w\000a\000r\000e}{}% 22
\BOOKMARK [2][-]{subsection.4.1}{\376\377\000F\000i\000l\000e}{section.4}% 23
\BOOKMARK [2][-]{subsection.4.2}{\376\377\000D\000e\000p\000e\000n\000d\000e\000n\000c\000i\000e\000s}{section.4}% 24
\BOOKMARK [2][-]{subsection.4.3}{\376\377\000K\000e\000y\000\040\000C\000o\000n\000s\000t\000a\000n\000t\000s}{section.4}% 25
\BOOKMARK [2][-]{subsection.4.4}{\376\377\000I\000n\000i\000t\000i\000a\000l\000i\000s\000a\000t\000i\000o\000n\000\040\000S\000e\000q\000u\000e\000n\000c\000e\000\040\000\050\000s\000e\000t\000u\000p\000\050\000\051\000\051}{section.4}% 26
\BOOKMARK [2][-]{subsection.4.5}{\376\377\000M\000a\000i\000n\000\040\000L\000o\000o\000p\000\040\000L\000o\000g\000i\000c\000\040\000\050\000l\000o\000o\000p\000\050\000\051\000\051}{section.4}% 27
\BOOKMARK [2][-]{subsection.4.6}{\376\377\000K\000e\000s\000t\000r\000e\000l\000\040\000P\000a\000c\000k\000e\000t\000\040\000T\000r\000a\000n\000s\000m\000i\000s\000s\000i\000o\000n\000\040\000H\000e\000l\000p\000e\000r}{section.4}% 28
\BOOKMARK [2][-]{subsection.4.7}{\376\377\000M\000A\000V\000L\000i\000n\000k\000\040\000A\000T\000T\000I\000T\000U\000D\000E\000\040\000T\000r\000a\000n\000s\000l\000a\000t\000i\000o\000n}{section.4}% 29
\BOOKMARK [1][-]{section.5}{\376\377\000P\000y\000t\000h\000o\000n\000\040\000G\000r\000o\000u\000n\000d\000\040\000C\000o\000n\000t\000r\000o\000l\000\040\000S\000t\000a\000t\000i\000o\000n}{}% 30
\BOOKMARK [2][-]{subsection.5.1}{\376\377\000F\000i\000l\000e}{section.5}% 31
\BOOKMARK [2][-]{subsection.5.2}{\376\377\000O\000v\000e\000r\000v\000i\000e\000w}{section.5}% 32
\BOOKMARK [2][-]{subsection.5.3}{\376\377\000P\000a\000c\000k\000e\000t\000\040\000P\000a\000r\000s\000e\000r\000\040\000S\000t\000a\000t\000e\000\040\000M\000a\000c\000h\000i\000n\000e}{section.5}% 33
\BOOKMARK [2][-]{subsection.5.4}{\376\377\000D\000e\000c\000r\000y\000p\000t\000i\000o\000n\000\040\000a\000n\000d\000\040\000A\000u\000t\000h\000e\000n\000t\000i\000c\000a\000t\000i\000o\000n}{section.5}% 34
\BOOKMARK [2][-]{subsection.5.5}{\376\377\000T\000e\000r\000m\000i\000n\000a\000l\000\040\000O\000u\000t\000p\000u\000t\000\040\000F\000o\000r\000m\000a\000t}{section.5}% 35
\BOOKMARK [1][-]{section.6}{\376\377\000P\000i\000x\000h\000a\000w\000k\000\040\000C\000o\000n\000f\000i\000g\000u\000r\000a\000t\000i\000o\000n\000\040\000U\000t\000i\000l\000i\000t\000y}{}% 36
\BOOKMARK [2][-]{subsection.6.1}{\376\377\000F\000i\000l\000e}{section.6}% 37
\BOOKMARK [2][-]{subsection.6.2}{\376\377\000P\000u\000r\000p\000o\000s\000e}{section.6}% 38
\BOOKMARK [2][-]{subsection.6.3}{\376\377\000P\000a\000r\000a\000m\000e\000t\000e\000r\000s\000\040\000C\000o\000n\000f\000i\000g\000u\000r\000e\000d}{section.6}% 39
\BOOKMARK [1][-]{section.7}{\376\377\000T\000e\000s\000t\000\040\000P\000r\000o\000c\000e\000d\000u\000r\000e\000\040\000a\000n\000d\000\040\000R\000e\000s\000u\000l\000t\000s}{}% 40
\BOOKMARK [2][-]{subsection.7.1}{\376\377\000T\000e\000s\000t\000\040\000E\000n\000v\000i\000r\000o\000n\000m\000e\000n\000t}{section.7}% 41
\BOOKMARK [2][-]{subsection.7.2}{\376\377\000T\000e\000s\000t\000\040\000P\000r\000o\000c\000e\000d\000u\000r\000e}{section.7}% 42
\BOOKMARK [2][-]{subsection.7.3}{\376\377\000T\000e\000s\000t\000\040\000R\000e\000s\000u\000l\000t\000s\000:\000\040\000P\000i\000x\000h\000a\000w\000k\000\040\000U\000S\000B\000\040\000S\000t\000r\000e\000a\000m\000\040\000V\000e\000r\000i\000f\000i\000c\000a\000t\000i\000o\000n}{section.7}% 43
\BOOKMARK [2][-]{subsection.7.4}{\376\377\000T\000e\000s\000t\000\040\000R\000e\000s\000u\000l\000t\000s\000:\000\040\000E\000n\000d\000-\000t\000o\000-\000E\000n\000d\000\040\000K\000e\000s\000t\000r\000e\000l\000\040\000B\000r\000i\000d\000g\000e\000\040\000\050\000F\000i\000n\000a\000l\000\040\000V\000a\000l\000i\000d\000a\000t\000i\000o\000n\000\051}{section.7}% 44
\BOOKMARK [1][-]{section.8}{\376\377\000L\000i\000v\000e\000\040\000S\000e\000s\000s\000i\000o\000n\000\040\000T\000e\000l\000e\000m\000e\000t\000r\000y\000\040\000O\000u\000t\000p\000u\000t}{}% 45
\BOOKMARK [1][-]{section.9}{\376\377\000B\000u\000g\000s\000\040\000D\000i\000s\000c\000o\000v\000e\000r\000e\000d\000\040\000a\000n\000d\000\040\000C\000o\000r\000r\000e\000c\000t\000e\000d\000\040\000D\000u\000r\000i\000n\000g\000\040\000I\000n\000t\000e\000g\000r\000a\000t\000i\000o\000n}{}% 46
\BOOKMARK [2][-]{subsection.9.1}{\376\377\000B\000u\000g\000\040\0001\000\040\040\023\000\040\000P\000y\000t\000h\000o\000n\000\040\000P\000a\000r\000s\000e\000r\000:\000\040\000I\000n\000c\000o\000r\000r\000e\000c\000t\000\040\000F\000l\000a\000g\000\040\000B\000i\000t\000\040\000E\000x\000t\000r\000a\000c\000t\000i\000o\000n}{section.9}% 47
\BOOKMARK [3][-]{subsubsection.9.1.1}{\376\377\000R\000o\000o\000t\000\040\000C\000a\000u\000s\000e}{subsection.9.1}% 48
\BOOKMARK [2][-]{subsection.9.2}{\376\377\000B\000u\000g\000\040\0002\000\040\040\023\000\040\000P\000y\000t\000h\000o\000n\000\040\000G\000C\000S\000:\000\040\000I\000n\000c\000o\000r\000r\000e\000c\000t\000\040\000M\000A\000V\000\137\000T\000Y\000P\000E\000\040\000E\000n\000u\000m\000e\000r\000a\000t\000i\000o\000n}{section.9}% 49
\BOOKMARK [3][-]{subsubsection.9.2.1}{\376\377\000R\000o\000o\000t\000\040\000C\000a\000u\000s\000e}{subsection.9.2}% 50
\BOOKMARK [2][-]{subsection.9.3}{\376\377\000B\000u\000g\000\040\0003\000\040\040\023\000\040\000K\000e\000s\000t\000r\000e\000l\000\040\000H\000e\000a\000d\000e\000r\000:\000\040\000M\000i\000s\000s\000i\000n\000g\000\040\000C\000o\000m\000p\000r\000e\000s\000s\000e\000d\000\040\000F\000l\000a\000g\000\040\000i\000n\000\040\000D\000o\000c\000u\000m\000e\000n\000t\000a\000t\000i\000o\000n}{section.9}% 51
\BOOKMARK [2][-]{subsection.9.4}{\376\377\000B\000u\000g\000\040\0004\000\040\040\023\000\040\000P\000i\000x\000h\000a\000w\000k\000\040\000S\000t\000r\000e\000a\000m\000\040\000R\000a\000t\000e\000s\000:\000\040\000A\000l\000l\000\040\000S\000R\0001\000\137\000*\000\040\000P\000a\000r\000a\000m\000e\000t\000e\000r\000s\000\040\000W\000e\000r\000e\000\040\000Z\000e\000r\000o}{section.9}% 52
\BOOKMARK [3][-]{subsubsection.9.4.1}{\376\377\000R\000o\000o\000t\000\040\000C\000a\000u\000s\000e}{subsection.9.4}% 53
\BOOKMARK [1][-]{section.10}{\376\377\000P\000a\000r\000a\000m\000e\000t\000e\000r\000\040\000V\000e\000r\000i\000f\000i\000c\000a\000t\000i\000o\000n\000\040\000R\000e\000c\000o\000r\000d}{}% 54
\BOOKMARK [1][-]{section.11}{\376\377\000D\000e\000l\000i\000v\000e\000r\000a\000b\000l\000e\000s}{}% 55
\BOOKMARK [1][-]{section.12}{\376\377\000C\000o\000n\000c\000l\000u\000s\000i\000o\000n}{}% 56
\BOOKMARK [1][-]{appendix.A}{\376\377\000A\000c\000r\000o\000n\000y\000m\000s\000\040\000a\000n\000d\000\040\000A\000b\000b\000r\000e\000v\000i\000a\000t\000i\000o\000n\000s}{}% 57
\BOOKMARK [1][-]{appendix.B}{\376\377\000R\000e\000l\000a\000t\000e\000d\000\040\000D\000o\000c\000u\000m\000e\000n\000t\000s}{}% 58
